<?xml version="1.0" encoding="UTF-8"?>
<!-- Generated by org.testng.reporters.JUnitXMLReporter -->
<testsuite ignored="0" hostname="LAPTOP-SAIVKO8O" failures="1" tests="2" name="Surefire test" time="44.742" errors="0" timestamp="2023-11-03T12:38:23 IST">
  <testcase classname="com.tutorialsninja.automation.stepdef.ekart.IndexPageTest" name="loginTest" time="0.11">
    <failure type="java.lang.IllegalArgumentException" message="Driver must be set">
      <![CDATA[java.lang.IllegalArgumentException: Driver must be set
at org.openqa.selenium.internal.Require.nonNull(Require.java:60)
at org.openqa.selenium.interactions.Actions.<init>(Actions.java:59)
at com.tutorialsninja.automation.actiondriver.Action.click(Action.java:38)
at com.tutorialsninja.automation.pagesobjects.ekart.IndexPage.validateSignInButton(IndexPage.java:17)
at com.tutorialsninja.automation.stepdef.ekart.IndexPageTest.loginTest(IndexPageTest.java:18)
at java.base/java.util.ArrayList.forEach(ArrayList.java:1541)
... Removed 32 stack frames]]>
    </failure>
  </testcase> <!-- loginTest -->
  <testcase classname="com.tutorialsninja.automation.stepdef.LoginPageTest" name="loginTest" time="4.78"/>
</testsuite> <!-- Surefire test -->
